<?xml version="1.0" encoding="utf-8" standalone="no"?>
<!--This file represents the results of running a test suite-->
<test-results name="D:/code/CAShop/src/CAShop.Tests/bin/debug/CAShop.Tests.dll" total="0" failures="0" not-run="0" date="2009-01-17" time="17:06:11">
  <environment nunit-version="2.4.7.0" clr-version="2.0.50727.3053" os-version="Microsoft Windows NT 6.0.6001 Service Pack 1" platform="Win32NT" cwd="D:\code\CAShop" machine-name="SCRKLPTP04" user="jf05563" user-domain="SMC" />
  <culture-info current-culture="en-US" current-uiculture="en-US" />
  <test-suite name="D:/code/CAShop/src/CAShop.Tests/bin/debug/CAShop.Tests.dll" success="True" time="0.000" asserts="0">
    <results />
  </test-suite>
</test-results>